[2022-11-29 23:08:49.350] [org.springframework.boot.StartupInfoLogger] [restartedMain] [55] [INFO ] Starting StartInspectPlus using Java 19.0.1 on Joel with PID 21124 (D:\Development\LIBBE\target\classes started by joelb in D:\Development\LIBBE)
[2022-11-29 23:08:49.353] [org.hibernate.validator.internal.util.Version] [background-preinit] [21] [INFO ] HV000001: Hibernate Validator 6.1.6.Final
[2022-11-29 23:08:49.354] [org.springframework.boot.SpringApplication] [restartedMain] [660] [INFO ] No active profile set, falling back to default profiles: default
[2022-11-29 23:08:49.476] [org.springframework.boot.logging.DeferredLog] [restartedMain] [255] [INFO ] Devtools property defaults active! Set 'spring.devtools.add-properties' to 'false' to disable
[2022-11-29 23:08:49.478] [org.springframework.boot.logging.DeferredLog] [restartedMain] [255] [INFO ] For additional web related logging consider setting the 'logging.level.web' property to 'DEBUG'
[2022-11-29 23:08:50.860] [org.springframework.data.repository.config.RepositoryConfigurationDelegate] [restartedMain] [250] [INFO ] Multiple Spring Data modules found, entering strict repository configuration mode!
[2022-11-29 23:08:50.865] [org.springframework.data.repository.config.RepositoryConfigurationDelegate] [restartedMain] [128] [INFO ] Bootstrapping Spring Data Redis repositories in DEFAULT mode.
[2022-11-29 23:08:50.924] [org.springframework.data.repository.config.RepositoryConfigurationDelegate] [restartedMain] [188] [INFO ] Finished Spring Data repository scanning in 28 ms. Found 0 Redis repository interfaces.
[2022-11-29 23:08:52.046] [org.springframework.context.support.PostProcessorRegistrationDelegate$BeanPostProcessorChecker] [restartedMain] [350] [INFO ] Bean 'redisConfig' of type [com.hongmai.clonfer.config.RedisConfig$$EnhancerBySpringCGLIB$$5853929b] is not eligible for getting processed by all BeanPostProcessors (for example: not eligible for auto-proxying)
[2022-11-29 23:08:52.665] [org.springframework.boot.web.embedded.tomcat.TomcatWebServer] [restartedMain] [108] [INFO ] Tomcat initialized with port(s): 8090 (http)
[2022-11-29 23:08:52.679] [org.apache.juli.logging.DirectJDKLog] [restartedMain] [173] [INFO ] Initializing ProtocolHandler ["http-nio-8090"]
[2022-11-29 23:08:52.680] [org.apache.juli.logging.DirectJDKLog] [restartedMain] [173] [INFO ] Starting service [Tomcat]
[2022-11-29 23:08:52.681] [org.apache.juli.logging.DirectJDKLog] [restartedMain] [173] [INFO ] Starting Servlet engine: [Apache Tomcat/9.0.39]
[2022-11-29 23:08:52.840] [org.apache.juli.logging.DirectJDKLog] [restartedMain] [173] [INFO ] Initializing Spring embedded WebApplicationContext
[2022-11-29 23:08:52.841] [org.springframework.boot.web.servlet.context.ServletWebServerApplicationContext] [restartedMain] [289] [INFO ] Root WebApplicationContext: initialization completed in 3362 ms
[2022-11-29 23:08:53.992] [com.baomidou.mybatisplus.core.metadata.TableInfoHelper] [restartedMain] [307] [WARN ] Can not find table primary key in Class: "com.hongmai.clonfer.model.domain.CpBaseRole".
[2022-11-29 23:08:55.041] [org.springframework.security.access.intercept.AbstractSecurityInterceptor] [restartedMain] [153] [WARN ] Could not validate configuration attributes as the SecurityMetadataSource did not return any attributes from getAllConfigAttributes()
[2022-11-29 23:08:56.443] [org.springframework.security.web.DefaultSecurityFilterChain] [restartedMain] [51] [INFO ] Will secure any request with [org.springframework.security.web.context.request.async.WebAsyncManagerIntegrationFilter@4cf2ea2d, org.springframework.security.web.context.SecurityContextPersistenceFilter@7fea56fb, org.springframework.security.web.header.HeaderWriterFilter@35b8689, org.springframework.web.filter.CorsFilter@77855dfc, org.springframework.security.web.authentication.logout.LogoutFilter@6b61ea9c, com.hongmai.clonfer.security.LoginFilter@7c311631, org.springframework.security.web.savedrequest.RequestCacheAwareFilter@2e4431c3, org.springframework.security.web.servletapi.SecurityContextHolderAwareRequestFilter@20fac3b1, org.springframework.security.web.authentication.AnonymousAuthenticationFilter@50d84869, org.springframework.security.web.session.SessionManagementFilter@4e70c5f4, org.springframework.security.web.access.ExceptionTranslationFilter@3c195de5, com.hongmai.clonfer.security.AuthFilter@6ad1a2dc, org.springframework.security.web.access.intercept.FilterSecurityInterceptor@610d7180]
[2022-11-29 23:08:56.550] [org.springframework.scheduling.concurrent.ExecutorConfigurationSupport] [restartedMain] [181] [INFO ] Initializing ExecutorService 'applicationTaskExecutor'
[2022-11-29 23:08:56.615] [org.springframework.boot.devtools.autoconfigure.OptionalLiveReloadServer] [restartedMain] [58] [INFO ] LiveReload server is running on port 35729
[2022-11-29 23:08:56.761] [org.springframework.boot.autoconfigure.thymeleaf.ThymeleafAutoConfiguration$DefaultTemplateResolverConfiguration] [restartedMain] [105] [WARN ] Cannot find template location: classpath:/templates/ (please add some templates or check your Thymeleaf configuration)
[2022-11-29 23:08:57.207] [org.apache.juli.logging.DirectJDKLog] [restartedMain] [173] [INFO ] Starting ProtocolHandler ["http-nio-8090"]
[2022-11-29 23:08:57.263] [org.springframework.boot.web.embedded.tomcat.TomcatWebServer] [restartedMain] [220] [INFO ] Tomcat started on port(s): 8090 (http) with context path ''
[2022-11-29 23:08:57.691] [org.springframework.boot.StartupInfoLogger] [restartedMain] [61] [INFO ] Started StartInspectPlus in 8.816 seconds (JVM running for 9.941)
[2022-11-29 23:08:57.705] [com.zaxxer.hikari.HikariDataSource] [restartedMain] [110] [INFO ] HikariPool-1 - Starting...
[2022-11-29 23:09:02.886] [org.springframework.boot.autoconfigure.logging.ConditionEvaluationReportLoggingListener] [restartedMain] [136] [INFO ] 

Error starting ApplicationContext. To display the conditions report re-run your application with 'debug' enabled.
[2022-11-29 23:09:02.980] [org.springframework.scheduling.concurrent.ExecutorConfigurationSupport] [restartedMain] [218] [INFO ] Shutting down ExecutorService 'applicationTaskExecutor'
[2022-11-29 23:26:47.294] [org.hibernate.validator.internal.util.Version] [background-preinit] [21] [INFO ] HV000001: Hibernate Validator 6.1.6.Final
[2022-11-29 23:26:47.304] [org.springframework.boot.StartupInfoLogger] [restartedMain] [55] [INFO ] Starting StartInspectPlus using Java 19.0.1 on Joel with PID 6228 (D:\Development\LIBBE\target\classes started by joelb in D:\Development\LIBBE)
[2022-11-29 23:26:47.304] [org.springframework.boot.SpringApplication] [restartedMain] [660] [INFO ] No active profile set, falling back to default profiles: default
[2022-11-29 23:26:47.355] [org.springframework.boot.logging.DeferredLog] [restartedMain] [255] [INFO ] Devtools property defaults active! Set 'spring.devtools.add-properties' to 'false' to disable
[2022-11-29 23:26:47.355] [org.springframework.boot.logging.DeferredLog] [restartedMain] [255] [INFO ] For additional web related logging consider setting the 'logging.level.web' property to 'DEBUG'
[2022-11-29 23:26:48.508] [org.springframework.data.repository.config.RepositoryConfigurationDelegate] [restartedMain] [250] [INFO ] Multiple Spring Data modules found, entering strict repository configuration mode!
[2022-11-29 23:26:48.513] [org.springframework.data.repository.config.RepositoryConfigurationDelegate] [restartedMain] [128] [INFO ] Bootstrapping Spring Data Redis repositories in DEFAULT mode.
[2022-11-29 23:26:48.550] [org.springframework.data.repository.config.RepositoryConfigurationDelegate] [restartedMain] [188] [INFO ] Finished Spring Data repository scanning in 18 ms. Found 0 Redis repository interfaces.
[2022-11-29 23:26:49.281] [org.springframework.context.support.PostProcessorRegistrationDelegate$BeanPostProcessorChecker] [restartedMain] [350] [INFO ] Bean 'redisConfig' of type [com.hongmai.clonfer.config.RedisConfig$$EnhancerBySpringCGLIB$$7ee0e05d] is not eligible for getting processed by all BeanPostProcessors (for example: not eligible for auto-proxying)
[2022-11-29 23:26:49.653] [org.springframework.boot.web.embedded.tomcat.TomcatWebServer] [restartedMain] [108] [INFO ] Tomcat initialized with port(s): 8090 (http)
[2022-11-29 23:26:49.668] [org.apache.juli.logging.DirectJDKLog] [restartedMain] [173] [INFO ] Initializing ProtocolHandler ["http-nio-8090"]
[2022-11-29 23:26:49.669] [org.apache.juli.logging.DirectJDKLog] [restartedMain] [173] [INFO ] Starting service [Tomcat]
[2022-11-29 23:26:49.669] [org.apache.juli.logging.DirectJDKLog] [restartedMain] [173] [INFO ] Starting Servlet engine: [Apache Tomcat/9.0.39]
[2022-11-29 23:26:49.765] [org.apache.juli.logging.DirectJDKLog] [restartedMain] [173] [INFO ] Initializing Spring embedded WebApplicationContext
[2022-11-29 23:26:49.766] [org.springframework.boot.web.servlet.context.ServletWebServerApplicationContext] [restartedMain] [289] [INFO ] Root WebApplicationContext: initialization completed in 2410 ms
[2022-11-29 23:26:50.549] [com.baomidou.mybatisplus.core.metadata.TableInfoHelper] [restartedMain] [307] [WARN ] Can not find table primary key in Class: "com.hongmai.clonfer.model.domain.CpBaseRole".
[2022-11-29 23:26:50.980] [org.springframework.security.access.intercept.AbstractSecurityInterceptor] [restartedMain] [153] [WARN ] Could not validate configuration attributes as the SecurityMetadataSource did not return any attributes from getAllConfigAttributes()
[2022-11-29 23:26:51.814] [org.springframework.security.web.DefaultSecurityFilterChain] [restartedMain] [51] [INFO ] Will secure any request with [org.springframework.security.web.context.request.async.WebAsyncManagerIntegrationFilter@1121cd25, org.springframework.security.web.context.SecurityContextPersistenceFilter@113094c7, org.springframework.security.web.header.HeaderWriterFilter@2229435c, org.springframework.web.filter.CorsFilter@7b2186d7, org.springframework.security.web.authentication.logout.LogoutFilter@50e815e5, com.hongmai.clonfer.security.LoginFilter@3888a96f, org.springframework.security.web.savedrequest.RequestCacheAwareFilter@30b16f22, org.springframework.security.web.servletapi.SecurityContextHolderAwareRequestFilter@d66ca83, org.springframework.security.web.authentication.AnonymousAuthenticationFilter@7c124bf, org.springframework.security.web.session.SessionManagementFilter@1e48e320, org.springframework.security.web.access.ExceptionTranslationFilter@3827725c, com.hongmai.clonfer.security.AuthFilter@56db62c3, org.springframework.security.web.access.intercept.FilterSecurityInterceptor@61c9d58b]
[2022-11-29 23:26:51.896] [org.springframework.scheduling.concurrent.ExecutorConfigurationSupport] [restartedMain] [181] [INFO ] Initializing ExecutorService 'applicationTaskExecutor'
[2022-11-29 23:26:51.949] [org.springframework.boot.devtools.autoconfigure.OptionalLiveReloadServer] [restartedMain] [58] [INFO ] LiveReload server is running on port 35729
[2022-11-29 23:26:52.049] [org.springframework.boot.autoconfigure.thymeleaf.ThymeleafAutoConfiguration$DefaultTemplateResolverConfiguration] [restartedMain] [105] [WARN ] Cannot find template location: classpath:/templates/ (please add some templates or check your Thymeleaf configuration)
[2022-11-29 23:26:52.373] [org.apache.juli.logging.DirectJDKLog] [restartedMain] [173] [INFO ] Starting ProtocolHandler ["http-nio-8090"]
[2022-11-29 23:26:52.413] [org.springframework.boot.web.embedded.tomcat.TomcatWebServer] [restartedMain] [220] [INFO ] Tomcat started on port(s): 8090 (http) with context path ''
[2022-11-29 23:26:52.758] [org.springframework.boot.StartupInfoLogger] [restartedMain] [61] [INFO ] Started StartInspectPlus in 5.806 seconds (JVM running for 7.006)
[2022-11-29 23:26:52.769] [com.zaxxer.hikari.HikariDataSource] [restartedMain] [110] [INFO ] HikariPool-1 - Starting...
[2022-11-29 23:26:57.956] [org.springframework.boot.autoconfigure.logging.ConditionEvaluationReportLoggingListener] [restartedMain] [136] [INFO ] 

Error starting ApplicationContext. To display the conditions report re-run your application with 'debug' enabled.
[2022-11-29 23:26:58.037] [org.springframework.scheduling.concurrent.ExecutorConfigurationSupport] [restartedMain] [218] [INFO ] Shutting down ExecutorService 'applicationTaskExecutor'
[2022-11-29 23:27:19.484] [org.hibernate.validator.internal.util.Version] [background-preinit] [21] [INFO ] HV000001: Hibernate Validator 6.1.6.Final
[2022-11-29 23:27:19.491] [org.springframework.boot.StartupInfoLogger] [restartedMain] [55] [INFO ] Starting StartInspectPlus using Java 19.0.1 on Joel with PID 16876 (D:\Development\LIBBE\target\classes started by joelb in D:\Development\LIBBE)
[2022-11-29 23:27:19.492] [org.springframework.boot.SpringApplication] [restartedMain] [660] [INFO ] No active profile set, falling back to default profiles: default
[2022-11-29 23:27:19.544] [org.springframework.boot.logging.DeferredLog] [restartedMain] [255] [INFO ] Devtools property defaults active! Set 'spring.devtools.add-properties' to 'false' to disable
[2022-11-29 23:27:19.544] [org.springframework.boot.logging.DeferredLog] [restartedMain] [255] [INFO ] For additional web related logging consider setting the 'logging.level.web' property to 'DEBUG'
[2022-11-29 23:27:20.579] [org.springframework.data.repository.config.RepositoryConfigurationDelegate] [restartedMain] [250] [INFO ] Multiple Spring Data modules found, entering strict repository configuration mode!
[2022-11-29 23:27:20.581] [org.springframework.data.repository.config.RepositoryConfigurationDelegate] [restartedMain] [128] [INFO ] Bootstrapping Spring Data Redis repositories in DEFAULT mode.
[2022-11-29 23:27:20.613] [org.springframework.data.repository.config.RepositoryConfigurationDelegate] [restartedMain] [188] [INFO ] Finished Spring Data repository scanning in 20 ms. Found 0 Redis repository interfaces.
[2022-11-29 23:27:21.228] [org.springframework.context.support.PostProcessorRegistrationDelegate$BeanPostProcessorChecker] [restartedMain] [350] [INFO ] Bean 'redisConfig' of type [com.hongmai.clonfer.config.RedisConfig$$EnhancerBySpringCGLIB$$7272c1d7] is not eligible for getting processed by all BeanPostProcessors (for example: not eligible for auto-proxying)
[2022-11-29 23:27:21.609] [org.springframework.boot.web.embedded.tomcat.TomcatWebServer] [restartedMain] [108] [INFO ] Tomcat initialized with port(s): 8090 (http)
[2022-11-29 23:27:21.620] [org.apache.juli.logging.DirectJDKLog] [restartedMain] [173] [INFO ] Initializing ProtocolHandler ["http-nio-8090"]
[2022-11-29 23:27:21.621] [org.apache.juli.logging.DirectJDKLog] [restartedMain] [173] [INFO ] Starting service [Tomcat]
[2022-11-29 23:27:21.621] [org.apache.juli.logging.DirectJDKLog] [restartedMain] [173] [INFO ] Starting Servlet engine: [Apache Tomcat/9.0.39]
[2022-11-29 23:27:21.717] [org.apache.juli.logging.DirectJDKLog] [restartedMain] [173] [INFO ] Initializing Spring embedded WebApplicationContext
[2022-11-29 23:27:21.717] [org.springframework.boot.web.servlet.context.ServletWebServerApplicationContext] [restartedMain] [289] [INFO ] Root WebApplicationContext: initialization completed in 2172 ms
[2022-11-29 23:27:22.486] [com.baomidou.mybatisplus.core.metadata.TableInfoHelper] [restartedMain] [307] [WARN ] Can not find table primary key in Class: "com.hongmai.clonfer.model.domain.CpBaseRole".
[2022-11-29 23:27:22.932] [org.springframework.security.access.intercept.AbstractSecurityInterceptor] [restartedMain] [153] [WARN ] Could not validate configuration attributes as the SecurityMetadataSource did not return any attributes from getAllConfigAttributes()
[2022-11-29 23:27:23.894] [org.springframework.security.web.DefaultSecurityFilterChain] [restartedMain] [51] [INFO ] Will secure any request with [org.springframework.security.web.context.request.async.WebAsyncManagerIntegrationFilter@d88d047, org.springframework.security.web.context.SecurityContextPersistenceFilter@66caa95b, org.springframework.security.web.header.HeaderWriterFilter@2630715a, org.springframework.web.filter.CorsFilter@66715c3f, org.springframework.security.web.authentication.logout.LogoutFilter@755b0572, com.hongmai.clonfer.security.LoginFilter@2138ece8, org.springframework.security.web.savedrequest.RequestCacheAwareFilter@63e21656, org.springframework.security.web.servletapi.SecurityContextHolderAwareRequestFilter@5d0007a0, org.springframework.security.web.authentication.AnonymousAuthenticationFilter@6a402996, org.springframework.security.web.session.SessionManagementFilter@50378cb3, org.springframework.security.web.access.ExceptionTranslationFilter@5d1deaa1, com.hongmai.clonfer.security.AuthFilter@5793286e, org.springframework.security.web.access.intercept.FilterSecurityInterceptor@78cb174a]
[2022-11-29 23:27:23.977] [org.springframework.scheduling.concurrent.ExecutorConfigurationSupport] [restartedMain] [181] [INFO ] Initializing ExecutorService 'applicationTaskExecutor'
[2022-11-29 23:27:24.045] [org.springframework.boot.devtools.autoconfigure.OptionalLiveReloadServer] [restartedMain] [58] [INFO ] LiveReload server is running on port 35729
[2022-11-29 23:27:24.146] [org.springframework.boot.autoconfigure.thymeleaf.ThymeleafAutoConfiguration$DefaultTemplateResolverConfiguration] [restartedMain] [105] [WARN ] Cannot find template location: classpath:/templates/ (please add some templates or check your Thymeleaf configuration)
[2022-11-29 23:27:24.564] [org.apache.juli.logging.DirectJDKLog] [restartedMain] [173] [INFO ] Starting ProtocolHandler ["http-nio-8090"]
[2022-11-29 23:27:24.616] [org.springframework.boot.web.embedded.tomcat.TomcatWebServer] [restartedMain] [220] [INFO ] Tomcat started on port(s): 8090 (http) with context path ''
[2022-11-29 23:27:25.014] [org.springframework.boot.StartupInfoLogger] [restartedMain] [61] [INFO ] Started StartInspectPlus in 5.9 seconds (JVM running for 6.852)
[2022-11-29 23:27:25.021] [com.zaxxer.hikari.HikariDataSource] [restartedMain] [110] [INFO ] HikariPool-1 - Starting...
[2022-11-29 23:27:25.170] [com.zaxxer.hikari.HikariDataSource] [restartedMain] [123] [INFO ] HikariPool-1 - Start completed.
[2022-11-29 23:27:25.288] [com.hongmai.clonfer.security.plugin.MyPaginationInterceptor] [restartedMain] [41] [INFO ] mapper: ==> com.hongmai.clonfer.mapper.CpBaseResourcesMapper.delete
[2022-11-29 23:27:25.289] [org.apache.ibatis.logging.jdbc.BaseJdbcLogger] [restartedMain] [137] [DEBUG] ==>  Preparing: DELETE FROM cp_base_resource WHERE (type = ?)
[2022-11-29 23:27:25.325] [org.apache.ibatis.logging.jdbc.BaseJdbcLogger] [restartedMain] [137] [DEBUG] ==> Parameters: 1(Integer)
[2022-11-29 23:27:25.328] [org.apache.ibatis.logging.jdbc.BaseJdbcLogger] [restartedMain] [137] [DEBUG] <==    Updates: 9
[2022-11-29 23:27:25.337] [com.hongmai.clonfer.security.plugin.MyPaginationInterceptor] [restartedMain] [41] [INFO ] mapper: ==> com.hongmai.clonfer.mapper.CpBaseResourcesMapper.insertResources
[2022-11-29 23:27:25.338] [org.apache.ibatis.logging.jdbc.BaseJdbcLogger] [restartedMain] [137] [DEBUG] ==>  Preparing: insert into cp_base_resource(uuid, code, path, name, type, action, subject) values (?, ?, ?, ?, ?, ?, ?) , (?, ?, ?, ?, ?, ?, ?) , (?, ?, ?, ?, ?, ?, ?) , (?, ?, ?, ?, ?, ?, ?) , (?, ?, ?, ?, ?, ?, ?) , (?, ?, ?, ?, ?, ?, ?) , (?, ?, ?, ?, ?, ?, ?) , (?, ?, ?, ?, ?, ?, ?) , (?, ?, ?, ?, ?, ?, ?) , (?, ?, ?, ?, ?, ?, ?)
[2022-11-29 23:27:25.345] [org.apache.ibatis.logging.jdbc.BaseJdbcLogger] [restartedMain] [137] [DEBUG] ==> Parameters: 4a469804-887d-4955-b849-97e246a28917(String), 1005(Integer), GET:/api/v1/inspect/detail/{inspectId}(String), 会议管理(String), 1(Integer), manage(String), all(String), 1e2532ae-097d-42e1-b168-4daca10e9bcc(String), 2003(Integer), PUT:/API/role(String), 角色管理(String), 1(Integer), manage(String), all(String), 5805ab4f-03e4-49f6-b742-fabb7c892ea5(String), 1003(Integer), PUT:/api/v1/inspect(String), 会议管理(String), 1(Integer), manage(String), all(String), 1e92de77-b73f-4aa9-b91d-f34382c2a479(String), 1001(Integer), POST:/api/v1/inspect(String), 会议管理(String), 1(Integer), manage(String), all(String), 588e8acf-ed95-4933-bffe-408d998710b1(String), 101(Integer), GET:/api/v1/user/search(String), 用户管理(String), 1(Integer), manage(String), all(String), e5d784d5-423d-4db6-8ee9-aa07994c9807(String), 1002(Integer), DELETE:/api/v1/inspect(String), 会议管理(String), 1(Integer), manage(String), all(String), 3b762b97-6b8f-4c0e-9076-ee8accfa5482(String), 2001(Integer), POST:/api/v1/guest/inspect(String), 嘉宾管理(String), 1(Integer), manage(String), all(String), ea221077-efce-4bf1-a677-7c73985dd023(String), 1004(Integer), GET:/api/v1/inspect/page/{currentPage}(String), 会议管理(String), 1(Integer), manage(String), all(String), afdf302d-82c3-4d08-a503-6c61746fce22(String), 2001(Integer), POST:/API/role(String), 角色管理(String), 1(Integer), manage(String), all(String), 85567e4b-201e-40ea-b016-0c307918f2cb(String), 2002(Integer), DELETE:/API/role(String), 角色管理(String), 1(Integer), manage(String), all(String)
[2022-11-29 23:27:25.347] [org.apache.ibatis.logging.jdbc.BaseJdbcLogger] [restartedMain] [137] [DEBUG] <==    Updates: 10
